<?xml version="1.0" encoding="UTF-8"?>
<!-- Generated by org.testng.reporters.JUnitReportReporter -->
<testsuite hostname="DESKTOP-3LDNA0M" failures="0" tests="1" name="com.onlineCalculater.testCases.TC_Cal_Div" time="1.489" errors="0" timestamp="01 Dec 2021 05:25:11 GMT" skipped="0">
  <testcase classname="com.onlineCalculater.testCases.TC_Cal_Div" name="CalDivTest" time="1.489"/>
</testsuite> <!-- com.onlineCalculater.testCases.TC_Cal_Div -->
